This file contains any messages produced by compilers while
running configure, to aid debugging if configure makes a mistake.

It was created by Mini-XML configure 3.1, which was
generated by GNU Autoconf 2.69.  Invocation command line was

  $ ./configure --disable-shared --enable-threads

## --------- ##
## Platform. ##
## --------- ##

hostname = nikos-desktop
uname -m = x86_64
uname -r = 5.4.0-146-generic
uname -s = Linux
uname -v = #163-Ubuntu SMP Fri Mar 17 18:26:02 UTC 2023

/usr/bin/uname -p = x86_64
/bin/uname -X     = unknown

/bin/arch              = x86_64
/usr/bin/arch -k       = unknown
/usr/convex/getsysinfo = unknown
/usr/bin/hostinfo      = unknown
/bin/machine           = unknown
/usr/bin/oslevel       = unknown
/bin/universe          = unknown

PATH: /home/nikos/anaconda3/bin
PATH: /home/nikos/anaconda3/condabin
PATH: /home/nikos/.nix-profile/bin
PATH: /nix/var/nix/profiles/default/bin
PATH: /home/nikos/.local/bin
PATH: /home/nikos/.nix-profile/bin
PATH: /nix/var/nix/profiles/default/bin
PATH: /usr/local/sbin
PATH: /usr/local/bin
PATH: /usr/sbin
PATH: /usr/bin
PATH: /sbin
PATH: /bin
PATH: /usr/games
PATH: /usr/local/games
PATH: /snap/bin


## ----------- ##
## Core tests. ##
## ----------- ##

configure:2236: checking build system type
configure:2250: result: x86_64-unknown-linux-gnu
configure:2270: checking host system type
configure:2283: result: x86_64-unknown-linux-gnu
configure:2427: checking for gcc
configure:2443: found /usr/bin/gcc
configure:2454: result: gcc
configure:2683: checking for C compiler version
configure:2692: gcc --version >&5
gcc (Ubuntu 9.4.0-1ubuntu1~20.04.1) 9.4.0
Copyright (C) 2019 Free Software Foundation, Inc.
This is free software; see the source for copying conditions.  There is NO
warranty; not even for MERCHANTABILITY or FITNESS FOR A PARTICULAR PURPOSE.

configure:2703: $? = 0
configure:2692: gcc -v >&5
Using built-in specs.
COLLECT_GCC=gcc
COLLECT_LTO_WRAPPER=/usr/lib/gcc/x86_64-linux-gnu/9/lto-wrapper
OFFLOAD_TARGET_NAMES=nvptx-none:hsa
OFFLOAD_TARGET_DEFAULT=1
Target: x86_64-linux-gnu
Configured with: ../src/configure -v --with-pkgversion='Ubuntu 9.4.0-1ubuntu1~20.04.1' --with-bugurl=file:///usr/share/doc/gcc-9/README.Bugs --enable-languages=c,ada,c++,go,brig,d,fortran,objc,obj-c++,gm2 --prefix=/usr --with-gcc-major-version-only --program-suffix=-9 --program-prefix=x86_64-linux-gnu- --enable-shared --enable-linker-build-id --libexecdir=/usr/lib --without-included-gettext --enable-threads=posix --libdir=/usr/lib --enable-nls --enable-clocale=gnu --enable-libstdcxx-debug --enable-libstdcxx-time=yes --with-default-libstdcxx-abi=new --enable-gnu-unique-object --disable-vtable-verify --enable-plugin --enable-default-pie --with-system-zlib --with-target-system-zlib=auto --enable-objc-gc=auto --enable-multiarch --disable-werror --with-arch-32=i686 --with-abi=m64 --with-multilib-list=m32,m64,mx32 --enable-multilib --with-tune=generic --enable-offload-targets=nvptx-none=/build/gcc-9-Av3uEd/gcc-9-9.4.0/debian/tmp-nvptx/usr,hsa --without-cuda-driver --enable-checking=release --build=x86_64-linux-gnu --host=x86_64-linux-gnu --target=x86_64-linux-gnu
Thread model: posix
gcc version 9.4.0 (Ubuntu 9.4.0-1ubuntu1~20.04.1) 
configure:2703: $? = 0
configure:2692: gcc -V >&5
gcc: error: unrecognized command line option '-V'
gcc: fatal error: no input files
compilation terminated.
configure:2703: $? = 1
configure:2692: gcc -qversion >&5
gcc: error: unrecognized command line option '-qversion'; did you mean '--version'?
gcc: fatal error: no input files
compilation terminated.
configure:2703: $? = 1
configure:2723: checking whether the C compiler works
configure:2745: gcc    conftest.c  >&5
configure:2749: $? = 0
configure:2797: result: yes
configure:2800: checking for C compiler default output file name
configure:2802: result: a.out
configure:2808: checking for suffix of executables
configure:2815: gcc -o conftest    conftest.c  >&5
configure:2819: $? = 0
configure:2841: result: 
configure:2863: checking whether we are cross compiling
configure:2871: gcc -o conftest    conftest.c  >&5
configure:2875: $? = 0
configure:2882: ./conftest
configure:2886: $? = 0
configure:2874: result: no
configure:2879: checking for suffix of object files
configure:2901: gcc -c   conftest.c >&5
configure:2905: $? = 0
configure:2926: result: o
configure:2930: checking whether we are using the GNU C compiler
configure:2949: gcc -c   conftest.c >&5
configure:2949: $? = 0
configure:2958: result: yes
configure:2967: checking whether gcc accepts -g
configure:2987: gcc -c -g  conftest.c >&5
configure:2987: $? = 0
configure:3028: result: yes
configure:3045: checking for gcc option to accept ISO C89
configure:3108: gcc  -c   conftest.c >&5
configure:3108: $? = 0
configure:3121: result: none needed
configure:3199: checking for g++
configure:3215: found /usr/bin/g++
configure:3226: result: g++
configure:3253: checking for C++ compiler version
configure:3262: g++ --version >&5
g++ (Ubuntu 9.4.0-1ubuntu1~20.04.1) 9.4.0
Copyright (C) 2019 Free Software Foundation, Inc.
This is free software; see the source for copying conditions.  There is NO
warranty; not even for MERCHANTABILITY or FITNESS FOR A PARTICULAR PURPOSE.

configure:3273: $? = 0
configure:3262: g++ -v >&5
Using built-in specs.
COLLECT_GCC=g++
COLLECT_LTO_WRAPPER=/usr/lib/gcc/x86_64-linux-gnu/9/lto-wrapper
OFFLOAD_TARGET_NAMES=nvptx-none:hsa
OFFLOAD_TARGET_DEFAULT=1
Target: x86_64-linux-gnu
Configured with: ../src/configure -v --with-pkgversion='Ubuntu 9.4.0-1ubuntu1~20.04.1' --with-bugurl=file:///usr/share/doc/gcc-9/README.Bugs --enable-languages=c,ada,c++,go,brig,d,fortran,objc,obj-c++,gm2 --prefix=/usr --with-gcc-major-version-only --program-suffix=-9 --program-prefix=x86_64-linux-gnu- --enable-shared --enable-linker-build-id --libexecdir=/usr/lib --without-included-gettext --enable-threads=posix --libdir=/usr/lib --enable-nls --enable-clocale=gnu --enable-libstdcxx-debug --enable-libstdcxx-time=yes --with-default-libstdcxx-abi=new --enable-gnu-unique-object --disable-vtable-verify --enable-plugin --enable-default-pie --with-system-zlib --with-target-system-zlib=auto --enable-objc-gc=auto --enable-multiarch --disable-werror --with-arch-32=i686 --with-abi=m64 --with-multilib-list=m32,m64,mx32 --enable-multilib --with-tune=generic --enable-offload-targets=nvptx-none=/build/gcc-9-Av3uEd/gcc-9-9.4.0/debian/tmp-nvptx/usr,hsa --without-cuda-driver --enable-checking=release --build=x86_64-linux-gnu --host=x86_64-linux-gnu --target=x86_64-linux-gnu
Thread model: posix
gcc version 9.4.0 (Ubuntu 9.4.0-1ubuntu1~20.04.1) 
configure:3273: $? = 0
configure:3262: g++ -V >&5
g++: error: unrecognized command line option '-V'
g++: fatal error: no input files
compilation terminated.
configure:3273: $? = 1
configure:3262: g++ -qversion >&5
g++: error: unrecognized command line option '-qversion'; did you mean '--version'?
g++: fatal error: no input files
compilation terminated.
configure:3273: $? = 1
configure:3277: checking whether we are using the GNU C++ compiler
configure:3296: g++ -c   conftest.cpp >&5
configure:3296: $? = 0
configure:3305: result: yes
configure:3314: checking whether g++ accepts -g
configure:3334: g++ -c -g  conftest.cpp >&5
configure:3334: $? = 0
configure:3375: result: yes
configure:3412: checking for a BSD-compatible install
configure:3480: result: /usr/bin/install -c
configure:3538: checking for ranlib
configure:3554: found /usr/bin/ranlib
configure:3565: result: ranlib
configure:3630: checking for ar
configure:3646: found /usr/bin/ar
configure:3657: result: ar
configure:3681: checking for cp
configure:3699: found /usr/bin/cp
configure:3711: result: /usr/bin/cp
configure:3723: checking for ldconfig
configure:3741: found /usr/sbin/ldconfig
configure:3753: result: /usr/sbin/ldconfig
configure:3766: checking for ln
configure:3784: found /usr/bin/ln
configure:3796: result: /usr/bin/ln
configure:3806: checking for mkdir
configure:3824: found /usr/bin/mkdir
configure:3836: result: /usr/bin/mkdir
configure:3846: checking for rm
configure:3864: found /usr/bin/rm
configure:3876: result: /usr/bin/rm
configure:3897: checking for inline
configure:3913: gcc -c   conftest.c >&5
configure:3913: $? = 0
configure:3921: result: inline
configure:3944: checking for strdup
configure:3944: gcc -o conftest    conftest.c  >&5
conftest.c:33:6: warning: conflicting types for built-in function 'strdup'; expected 'char *(const char *)' [-Wbuiltin-declaration-mismatch]
   33 | char strdup ();
      |      ^~~~~~
configure:3944: $? = 0
configure:3944: result: yes
configure:3944: checking for strlcat
configure:3944: gcc -o conftest    conftest.c  >&5
/usr/bin/ld: /tmp/cc2qoIgh.o: in function `main':
conftest.c:(.text+0xe): undefined reference to `strlcat'
collect2: error: ld returned 1 exit status
configure:3944: $? = 1
configure: failed program was:
| /* confdefs.h */
| #define PACKAGE_NAME "Mini-XML"
| #define PACKAGE_TARNAME "mxml"
| #define PACKAGE_VERSION "3.1"
| #define PACKAGE_STRING "Mini-XML 3.1"
| #define PACKAGE_BUGREPORT "https://github.com/michaelrsweet/mxml/issues"
| #define PACKAGE_URL "https://michaelrsweet.github.io/mxml"
| #define MXML_VERSION "Mini-XML v3.1"
| #define HAVE_STRDUP 1
| /* end confdefs.h.  */
| /* Define strlcat to an innocuous variant, in case <limits.h> declares strlcat.
|    For example, HP-UX 11i <limits.h> declares gettimeofday.  */
| #define strlcat innocuous_strlcat
| 
| /* System header to define __stub macros and hopefully few prototypes,
|     which can conflict with char strlcat (); below.
|     Prefer <limits.h> to <assert.h> if __STDC__ is defined, since
|     <limits.h> exists even on freestanding compilers.  */
| 
| #ifdef __STDC__
| # include <limits.h>
| #else
| # include <assert.h>
| #endif
| 
| #undef strlcat
| 
| /* Override any GCC internal prototype to avoid an error.
|    Use char because int might match the return type of a GCC
|    builtin and then its argument prototype would still apply.  */
| #ifdef __cplusplus
| extern "C"
| #endif
| char strlcat ();
| /* The GNU C library defines this for functions which it implements
|     to always fail with ENOSYS.  Some functions are actually named
|     something starting with __ and the normal name is an alias.  */
| #if defined __stub_strlcat || defined __stub___strlcat
| choke me
| #endif
| 
| int
| main ()
| {
| return strlcat ();
|   ;
|   return 0;
| }
configure:3944: result: no
configure:3944: checking for strlcpy
configure:3944: gcc -o conftest    conftest.c  >&5
/usr/bin/ld: /tmp/cciwY3aF.o: in function `main':
conftest.c:(.text+0xe): undefined reference to `strlcpy'
collect2: error: ld returned 1 exit status
configure:3944: $? = 1
configure: failed program was:
| /* confdefs.h */
| #define PACKAGE_NAME "Mini-XML"
| #define PACKAGE_TARNAME "mxml"
| #define PACKAGE_VERSION "3.1"
| #define PACKAGE_STRING "Mini-XML 3.1"
| #define PACKAGE_BUGREPORT "https://github.com/michaelrsweet/mxml/issues"
| #define PACKAGE_URL "https://michaelrsweet.github.io/mxml"
| #define MXML_VERSION "Mini-XML v3.1"
| #define HAVE_STRDUP 1
| /* end confdefs.h.  */
| /* Define strlcpy to an innocuous variant, in case <limits.h> declares strlcpy.
|    For example, HP-UX 11i <limits.h> declares gettimeofday.  */
| #define strlcpy innocuous_strlcpy
| 
| /* System header to define __stub macros and hopefully few prototypes,
|     which can conflict with char strlcpy (); below.
|     Prefer <limits.h> to <assert.h> if __STDC__ is defined, since
|     <limits.h> exists even on freestanding compilers.  */
| 
| #ifdef __STDC__
| # include <limits.h>
| #else
| # include <assert.h>
| #endif
| 
| #undef strlcpy
| 
| /* Override any GCC internal prototype to avoid an error.
|    Use char because int might match the return type of a GCC
|    builtin and then its argument prototype would still apply.  */
| #ifdef __cplusplus
| extern "C"
| #endif
| char strlcpy ();
| /* The GNU C library defines this for functions which it implements
|     to always fail with ENOSYS.  Some functions are actually named
|     something starting with __ and the normal name is an alias.  */
| #if defined __stub_strlcpy || defined __stub___strlcpy
| choke me
| #endif
| 
| int
| main ()
| {
| return strlcpy ();
|   ;
|   return 0;
| }
configure:3944: result: no
configure:3959: checking for snprintf
configure:3959: gcc -o conftest    conftest.c  >&5
conftest.c:34:6: warning: conflicting types for built-in function 'snprintf'; expected 'int(char *, long unsigned int,  const char *, ...)' [-Wbuiltin-declaration-mismatch]
   34 | char snprintf ();
      |      ^~~~~~~~
conftest.c:22:1: note: 'snprintf' is declared in header '<stdio.h>'
   21 | # include <limits.h>
   22 | #else
configure:3959: $? = 0
configure:3959: result: yes
configure:3959: checking for vasprintf
configure:3959: gcc -o conftest    conftest.c  >&5
configure:3959: $? = 0
configure:3959: result: yes
configure:3959: checking for vsnprintf
configure:3959: gcc -o conftest    conftest.c  >&5
conftest.c:36:6: warning: conflicting types for built-in function 'vsnprintf'; expected 'int(char *, long unsigned int,  const char *, __va_list_tag *)' [-Wbuiltin-declaration-mismatch]
   36 | char vsnprintf ();
      |      ^~~~~~~~~
conftest.c:24:1: note: 'vsnprintf' is declared in header '<stdio.h>'
   23 | # include <limits.h>
   24 | #else
configure:3959: $? = 0
configure:3959: result: yes
configure:3970: checking for long long int
configure:3997: result: yes
configure:4021: checking how to run the C preprocessor
configure:4052: gcc -E  conftest.c
configure:4052: $? = 0
configure:4066: gcc -E  conftest.c
conftest.c:15:10: fatal error: ac_nonexistent.h: No such file or directory
   15 | #include <ac_nonexistent.h>
      |          ^~~~~~~~~~~~~~~~~~
compilation terminated.
configure:4066: $? = 1
configure: failed program was:
| /* confdefs.h */
| #define PACKAGE_NAME "Mini-XML"
| #define PACKAGE_TARNAME "mxml"
| #define PACKAGE_VERSION "3.1"
| #define PACKAGE_STRING "Mini-XML 3.1"
| #define PACKAGE_BUGREPORT "https://github.com/michaelrsweet/mxml/issues"
| #define PACKAGE_URL "https://michaelrsweet.github.io/mxml"
| #define MXML_VERSION "Mini-XML v3.1"
| #define HAVE_STRDUP 1
| #define HAVE_SNPRINTF 1
| #define HAVE_VASPRINTF 1
| #define HAVE_VSNPRINTF 1
| #define HAVE_LONG_LONG 1
| /* end confdefs.h.  */
| #include <ac_nonexistent.h>
configure:4091: result: gcc -E
configure:4111: gcc -E  conftest.c
configure:4111: $? = 0
configure:4125: gcc -E  conftest.c
conftest.c:15:10: fatal error: ac_nonexistent.h: No such file or directory
   15 | #include <ac_nonexistent.h>
      |          ^~~~~~~~~~~~~~~~~~
compilation terminated.
configure:4125: $? = 1
configure: failed program was:
| /* confdefs.h */
| #define PACKAGE_NAME "Mini-XML"
| #define PACKAGE_TARNAME "mxml"
| #define PACKAGE_VERSION "3.1"
| #define PACKAGE_STRING "Mini-XML 3.1"
| #define PACKAGE_BUGREPORT "https://github.com/michaelrsweet/mxml/issues"
| #define PACKAGE_URL "https://michaelrsweet.github.io/mxml"
| #define MXML_VERSION "Mini-XML v3.1"
| #define HAVE_STRDUP 1
| #define HAVE_SNPRINTF 1
| #define HAVE_VASPRINTF 1
| #define HAVE_VSNPRINTF 1
| #define HAVE_LONG_LONG 1
| /* end confdefs.h.  */
| #include <ac_nonexistent.h>
configure:4154: checking for grep that handles long lines and -e
configure:4212: result: /usr/bin/grep
configure:4217: checking for egrep
configure:4279: result: /usr/bin/grep -E
configure:4284: checking for ANSI C header files
configure:4304: gcc -c   conftest.c >&5
configure:4304: $? = 0
configure:4377: gcc -o conftest    conftest.c  >&5
configure:4377: $? = 0
configure:4377: ./conftest
configure:4377: $? = 0
configure:4388: result: yes
configure:4401: checking for sys/types.h
configure:4401: gcc -c   conftest.c >&5
configure:4401: $? = 0
configure:4401: result: yes
configure:4401: checking for sys/stat.h
configure:4401: gcc -c   conftest.c >&5
configure:4401: $? = 0
configure:4401: result: yes
configure:4401: checking for stdlib.h
configure:4401: gcc -c   conftest.c >&5
configure:4401: $? = 0
configure:4401: result: yes
configure:4401: checking for string.h
configure:4401: gcc -c   conftest.c >&5
configure:4401: $? = 0
configure:4401: result: yes
configure:4401: checking for memory.h
configure:4401: gcc -c   conftest.c >&5
configure:4401: $? = 0
configure:4401: result: yes
configure:4401: checking for strings.h
configure:4401: gcc -c   conftest.c >&5
configure:4401: $? = 0
configure:4401: result: yes
configure:4401: checking for inttypes.h
configure:4401: gcc -c   conftest.c >&5
configure:4401: $? = 0
configure:4401: result: yes
configure:4401: checking for stdint.h
configure:4401: gcc -c   conftest.c >&5
configure:4401: $? = 0
configure:4401: result: yes
configure:4401: checking for unistd.h
configure:4401: gcc -c   conftest.c >&5
configure:4401: $? = 0
configure:4401: result: yes
configure:4413: checking pthread.h usability
configure:4413: gcc -c   conftest.c >&5
configure:4413: $? = 0
configure:4413: result: yes
configure:4413: checking pthread.h presence
configure:4413: gcc -E  conftest.c
configure:4413: $? = 0
configure:4413: result: yes
configure:4413: checking for pthread.h
configure:4413: result: yes
configure:4423: checking for pthread_create using -lpthreads
configure:4438: gcc -o conftest    conftest.c -lpthreads  >&5
conftest.c: In function 'main':
conftest.c:30:1: warning: null argument where non-null required (argument 1) [-Wnonnull]
   30 | pthread_create(0, 0, 0, 0);
      | ^~~~~~~~~~~~~~
conftest.c:30:1: warning: null argument where non-null required (argument 3) [-Wnonnull]
/usr/bin/ld: cannot find -lpthreads
collect2: error: ld returned 1 exit status
configure:4438: $? = 1
configure: failed program was:
| /* confdefs.h */
| #define PACKAGE_NAME "Mini-XML"
| #define PACKAGE_TARNAME "mxml"
| #define PACKAGE_VERSION "3.1"
| #define PACKAGE_STRING "Mini-XML 3.1"
| #define PACKAGE_BUGREPORT "https://github.com/michaelrsweet/mxml/issues"
| #define PACKAGE_URL "https://michaelrsweet.github.io/mxml"
| #define MXML_VERSION "Mini-XML v3.1"
| #define HAVE_STRDUP 1
| #define HAVE_SNPRINTF 1
| #define HAVE_VASPRINTF 1
| #define HAVE_VSNPRINTF 1
| #define HAVE_LONG_LONG 1
| #define STDC_HEADERS 1
| #define HAVE_SYS_TYPES_H 1
| #define HAVE_SYS_STAT_H 1
| #define HAVE_STDLIB_H 1
| #define HAVE_STRING_H 1
| #define HAVE_MEMORY_H 1
| #define HAVE_STRINGS_H 1
| #define HAVE_INTTYPES_H 1
| #define HAVE_STDINT_H 1
| #define HAVE_UNISTD_H 1
| #define HAVE_PTHREAD_H 1
| /* end confdefs.h.  */
| #include <pthread.h>
| int
| main ()
| {
| pthread_create(0, 0, 0, 0);
|   ;
|   return 0;
| }
configure:4443: result: no
configure:4423: checking for pthread_create using -lpthread
configure:4438: gcc -o conftest    conftest.c -lpthread  >&5
conftest.c: In function 'main':
conftest.c:30:1: warning: null argument where non-null required (argument 1) [-Wnonnull]
   30 | pthread_create(0, 0, 0, 0);
      | ^~~~~~~~~~~~~~
conftest.c:30:1: warning: null argument where non-null required (argument 3) [-Wnonnull]
configure:4438: $? = 0
configure:4443: result: yes
configure:4759: creating ./config.status

## ---------------------- ##
## Running config.status. ##
## ---------------------- ##

This file was extended by Mini-XML config.status 3.1, which was
generated by GNU Autoconf 2.69.  Invocation command line was

  CONFIG_FILES    = 
  CONFIG_HEADERS  = 
  CONFIG_LINKS    = 
  CONFIG_COMMANDS = 
  $ ./config.status 

on nikos-desktop

config.status:838: creating Makefile
config.status:838: creating mxml.pc
config.status:838: creating config.h

## ---------------- ##
## Cache variables. ##
## ---------------- ##

ac_cv_build=x86_64-unknown-linux-gnu
ac_cv_c_compiler_gnu=yes
ac_cv_c_inline=inline
ac_cv_c_long_long=yes
ac_cv_cxx_compiler_gnu=yes
ac_cv_env_CCC_set=
ac_cv_env_CCC_value=
ac_cv_env_CC_set=
ac_cv_env_CC_value=
ac_cv_env_CFLAGS_set=
ac_cv_env_CFLAGS_value=
ac_cv_env_CPPFLAGS_set=
ac_cv_env_CPPFLAGS_value=
ac_cv_env_CPP_set=
ac_cv_env_CPP_value=
ac_cv_env_CXXFLAGS_set=
ac_cv_env_CXXFLAGS_value=
ac_cv_env_CXX_set=
ac_cv_env_CXX_value=
ac_cv_env_LDFLAGS_set=
ac_cv_env_LDFLAGS_value=
ac_cv_env_LIBS_set=
ac_cv_env_LIBS_value=
ac_cv_env_build_alias_set=
ac_cv_env_build_alias_value=
ac_cv_env_host_alias_set=
ac_cv_env_host_alias_value=
ac_cv_env_target_alias_set=
ac_cv_env_target_alias_value=
ac_cv_func_snprintf=yes
ac_cv_func_strdup=yes
ac_cv_func_strlcat=no
ac_cv_func_strlcpy=no
ac_cv_func_vasprintf=yes
ac_cv_func_vsnprintf=yes
ac_cv_header_inttypes_h=yes
ac_cv_header_memory_h=yes
ac_cv_header_pthread_h=yes
ac_cv_header_stdc=yes
ac_cv_header_stdint_h=yes
ac_cv_header_stdlib_h=yes
ac_cv_header_string_h=yes
ac_cv_header_strings_h=yes
ac_cv_header_sys_stat_h=yes
ac_cv_header_sys_types_h=yes
ac_cv_header_unistd_h=yes
ac_cv_host=x86_64-unknown-linux-gnu
ac_cv_objext=o
ac_cv_path_CP=/usr/bin/cp
ac_cv_path_EGREP='/usr/bin/grep -E'
ac_cv_path_GREP=/usr/bin/grep
ac_cv_path_LDCONFIG=/usr/sbin/ldconfig
ac_cv_path_LN=/usr/bin/ln
ac_cv_path_MKDIR=/usr/bin/mkdir
ac_cv_path_RM=/usr/bin/rm
ac_cv_path_install='/usr/bin/install -c'
ac_cv_prog_CPP='gcc -E'
ac_cv_prog_ac_ct_AR=ar
ac_cv_prog_ac_ct_CC=gcc
ac_cv_prog_ac_ct_CXX=g++
ac_cv_prog_ac_ct_RANLIB=ranlib
ac_cv_prog_cc_c89=
ac_cv_prog_cc_g=yes
ac_cv_prog_cxx_g=yes

## ----------------- ##
## Output variables. ##
## ----------------- ##

AR='ar'
ARCHFLAGS=''
ARFLAGS='crvs'
CC='gcc'
CFLAGS='-Wall -D_GNU_SOURCE '
CP='/usr/bin/cp'
CPP='gcc -E'
CPPFLAGS=''
CXX='g++'
CXXFLAGS=''
DEFS='-DHAVE_CONFIG_H'
DSO=':'
DSOFLAGS=''
ECHO_C=''
ECHO_N='-n'
ECHO_T=''
EGREP='/usr/bin/grep -E'
EXEEXT=''
GREP='/usr/bin/grep'
INSTALL_DATA='${INSTALL} -m 644'
INSTALL_PROGRAM='${INSTALL}'
INSTALL_SCRIPT='${INSTALL}'
LDCONFIG='/usr/sbin/ldconfig'
LDFLAGS=''
LIBMXML='libmxml.a'
LIBOBJS=''
LIBS=''
LN='/usr/bin/ln'
LTLIBOBJS=''
MKDIR='/usr/bin/mkdir'
OBJEXT='o'
OPTIM='-Os -g'
PACKAGE_BUGREPORT='https://github.com/michaelrsweet/mxml/issues'
PACKAGE_NAME='Mini-XML'
PACKAGE_STRING='Mini-XML 3.1'
PACKAGE_TARNAME='mxml'
PACKAGE_URL='https://michaelrsweet.github.io/mxml'
PACKAGE_VERSION='3.1'
PATH_SEPARATOR=':'
PC_CFLAGS='-I${prefix}/include'
PC_LIBS='-L${exec_prefix}/lib -lmxml'
PICFLAG='0'
PTHREAD_FLAGS='-D_THREAD_SAFE -D_REENTRANT'
PTHREAD_LIBS='-lpthread'
RANLIB='ranlib'
RM='/usr/bin/rm'
SHELL='/bin/bash'
TARGETS='ALLTARGETS'
VERSION='3.1'
ac_ct_CC='gcc'
ac_ct_CXX='g++'
bindir='${exec_prefix}/bin'
build='x86_64-unknown-linux-gnu'
build_alias=''
build_cpu='x86_64'
build_os='linux-gnu'
build_vendor='unknown'
datadir='${datarootdir}'
datarootdir='${prefix}/share'
docdir='${datarootdir}/doc/mxml'
dvidir='${docdir}'
exec_prefix='/usr/local'
host='x86_64-unknown-linux-gnu'
host_alias=''
host_cpu='x86_64'
host_os='linux-gnu'
host_vendor='unknown'
htmldir='${docdir}'
includedir='${prefix}/include'
infodir='${datarootdir}/info'
libdir='${exec_prefix}/lib'
libexecdir='${exec_prefix}/libexec'
localedir='${datarootdir}/locale'
localstatedir='${prefix}/var'
mandir='${datarootdir}/man'
oldincludedir='/usr/include'
pdfdir='${docdir}'
prefix='/usr/local'
program_transform_name='s,x,x,'
psdir='${docdir}'
runstatedir='${localstatedir}/run'
sbindir='${exec_prefix}/sbin'
sharedstatedir='${prefix}/com'
sysconfdir='${prefix}/etc'
target_alias=''

## ----------- ##
## confdefs.h. ##
## ----------- ##

/* confdefs.h */
#define PACKAGE_NAME "Mini-XML"
#define PACKAGE_TARNAME "mxml"
#define PACKAGE_VERSION "3.1"
#define PACKAGE_STRING "Mini-XML 3.1"
#define PACKAGE_BUGREPORT "https://github.com/michaelrsweet/mxml/issues"
#define PACKAGE_URL "https://michaelrsweet.github.io/mxml"
#define MXML_VERSION "Mini-XML v3.1"
#define HAVE_STRDUP 1
#define HAVE_SNPRINTF 1
#define HAVE_VASPRINTF 1
#define HAVE_VSNPRINTF 1
#define HAVE_LONG_LONG 1
#define STDC_HEADERS 1
#define HAVE_SYS_TYPES_H 1
#define HAVE_SYS_STAT_H 1
#define HAVE_STDLIB_H 1
#define HAVE_STRING_H 1
#define HAVE_MEMORY_H 1
#define HAVE_STRINGS_H 1
#define HAVE_INTTYPES_H 1
#define HAVE_STDINT_H 1
#define HAVE_UNISTD_H 1
#define HAVE_PTHREAD_H 1

configure: exit 0
